<?xml version="1.0" encoding="UTF-8"?>
<!-- Generated by org.testng.reporters.JUnitReportReporter -->
<testsuite hostname="SabaSiva" failures="0" tests="2" name="serilization.AuthenticationExamples" time="2.391" errors="0" timestamp="5 Feb 2025 14:49:08 GMT">
  <testcase classname="serilization.AuthenticationExamples" name="tc05" time="0.281"/>
  <testcase classname="serilization.AuthenticationExamples" name="tc04" time="2.110"/>
</testsuite> <!-- serilization.AuthenticationExamples -->
