<?xml version="1.0" encoding="UTF-8"?>
<!-- Generated by org.testng.reporters.JUnitReportReporter -->
<testsuite hostname="SabaSiva" failures="0" tests="2" name="junitorgexample.Sample2" time="0.007" errors="0" timestamp="30 Jan 2025 03:20:29 GMT">
  <testcase classname="junitorgexample.Sample2" name="tc05" time="0.000"/>
  <testcase classname="junitorgexample.Sample2" name="tc04" time="0.007"/>
</testsuite> <!-- junitorgexample.Sample2 -->
